app/build/intermediates/manifest_merge_blame_file/debug/manifest-merger-blame-debug-report.txt
1<?xml version="1.0" encoding="utf-8"?>
2<manifest xmlns:android="http://schemas.android.com/apk/res/android"
3    package="com.abdev.codestervpn"
4    android:versionCode="1"
5    android:versionName="1" >
6
7    <uses-sdk
8        android:minSdkVersion="19"
8-->src\main\AndroidManifest.xml
9        android:targetSdkVersion="29" />
9-->src\main\AndroidManifest.xml
10
11    <uses-permission android:name="android.permission.INTERNET" />
11-->src\main\AndroidManifest.xml:6:5-67
11-->src\main\AndroidManifest.xml:6:22-64
12    <uses-permission android:name="android.permission.ACCESS_NETWORK_STATE" />
12-->src\main\AndroidManifest.xml:7:5-79
12-->src\main\AndroidManifest.xml:7:22-76
13    <uses-permission android:name="android.permission.ACCESS_WIFI_STATE" />
13-->src\main\AndroidManifest.xml:8:6-77
13-->src\main\AndroidManifest.xml:8:23-74
14    <uses-permission android:name="android.permission.REQUEST_IGNORE_BATTERY_OPTIMIZATIONS" />
14-->src\main\AndroidManifest.xml:9:5-95
14-->src\main\AndroidManifest.xml:9:22-92
15    <uses-permission android:name="oppo.permission.OPPO_COMPONENT_SAFE" />
15-->src\main\AndroidManifest.xml:10:5-74
15-->src\main\AndroidManifest.xml:10:22-72
16    <uses-permission android:name="com.huawei.permission.external_app_settings.USE_COMPONENT" />
16-->src\main\AndroidManifest.xml:11:5-96
16-->src\main\AndroidManifest.xml:11:22-94
17    <uses-permission android:name="android.permission.RECEIVE_BOOT_COMPLETED" />
17-->src\main\AndroidManifest.xml:12:5-81
17-->src\main\AndroidManifest.xml:12:22-78
18    <uses-permission android:name="android.permission.FOREGROUND_SERVICE" /> <!-- Create a unique permission for your app and use it so only your app can receive your OneSignal messages. -->
18-->[com.github.AnchorFreePartner.hydra-sdk-android:sdk-core:3.1.1] AndroidManifest.xml:14:5-77
18-->[com.github.AnchorFreePartner.hydra-sdk-android:sdk-core:3.1.1] AndroidManifest.xml:14:22-74
19    <permission
19-->[com.onesignal:OneSignal:3.14.0] AndroidManifest.xml:7:5-9:47
20        android:name="com.abdev.codestervpn.permission.C2D_MESSAGE"
20-->[com.onesignal:OneSignal:3.14.0] AndroidManifest.xml:8:9-63
21        android:protectionLevel="signature" />
21-->[com.onesignal:OneSignal:3.14.0] AndroidManifest.xml:9:9-44
22
23    <uses-permission android:name="com.abdev.codestervpn.permission.C2D_MESSAGE" />
23-->[com.onesignal:OneSignal:3.14.0] AndroidManifest.xml:11:5-79
23-->[com.onesignal:OneSignal:3.14.0] AndroidManifest.xml:11:22-76
24    <uses-permission android:name="com.google.android.c2dm.permission.RECEIVE" /> <!-- Required, makes sure notifications are delivered on time. -->
24-->[com.onesignal:OneSignal:3.14.0] AndroidManifest.xml:17:5-82
24-->[com.onesignal:OneSignal:3.14.0] AndroidManifest.xml:17:22-79
25    <uses-permission android:name="android.permission.WAKE_LOCK" />
25-->[com.onesignal:OneSignal:3.14.0] AndroidManifest.xml:18:5-68
25-->[com.onesignal:OneSignal:3.14.0] AndroidManifest.xml:18:22-65
26    <!--
27 Required so the device vibrates on receiving a push notification.
28         Vibration settings of the device still apply.
29    -->
30    <uses-permission android:name="android.permission.VIBRATE" /> <!-- START: ShortcutBadger -->
30-->[com.onesignal:OneSignal:3.14.0] AndroidManifest.xml:23:5-66
30-->[com.onesignal:OneSignal:3.14.0] AndroidManifest.xml:23:22-63
31    <!-- Samsung -->
32    <uses-permission android:name="com.sec.android.provider.badge.permission.READ" />
32-->[com.onesignal:OneSignal:3.14.0] AndroidManifest.xml:31:5-86
32-->[com.onesignal:OneSignal:3.14.0] AndroidManifest.xml:31:22-83
33    <uses-permission android:name="com.sec.android.provider.badge.permission.WRITE" /> <!-- HTC -->
33-->[com.onesignal:OneSignal:3.14.0] AndroidManifest.xml:32:5-87
33-->[com.onesignal:OneSignal:3.14.0] AndroidManifest.xml:32:22-84
34    <uses-permission android:name="com.htc.launcher.permission.READ_SETTINGS" />
34-->[com.onesignal:OneSignal:3.14.0] AndroidManifest.xml:33:5-81
34-->[com.onesignal:OneSignal:3.14.0] AndroidManifest.xml:33:22-78
35    <uses-permission android:name="com.htc.launcher.permission.UPDATE_SHORTCUT" /> <!-- Sony -->
35-->[com.onesignal:OneSignal:3.14.0] AndroidManifest.xml:34:5-83
35-->[com.onesignal:OneSignal:3.14.0] AndroidManifest.xml:34:22-80
36    <uses-permission android:name="com.sonyericsson.home.permission.BROADCAST_BADGE" />
36-->[com.onesignal:OneSignal:3.14.0] AndroidManifest.xml:35:5-88
36-->[com.onesignal:OneSignal:3.14.0] AndroidManifest.xml:35:22-85
37    <uses-permission android:name="com.sonymobile.home.permission.PROVIDER_INSERT_BADGE" /> <!-- Apex -->
37-->[com.onesignal:OneSignal:3.14.0] AndroidManifest.xml:36:5-92
37-->[com.onesignal:OneSignal:3.14.0] AndroidManifest.xml:36:22-89
38    <uses-permission android:name="com.anddoes.launcher.permission.UPDATE_COUNT" /> <!-- Solid -->
38-->[com.onesignal:OneSignal:3.14.0] AndroidManifest.xml:37:5-84
38-->[com.onesignal:OneSignal:3.14.0] AndroidManifest.xml:37:22-81
39    <uses-permission android:name="com.majeur.launcher.permission.UPDATE_BADGE" /> <!-- Huawei -->
39-->[com.onesignal:OneSignal:3.14.0] AndroidManifest.xml:38:5-83
39-->[com.onesignal:OneSignal:3.14.0] AndroidManifest.xml:38:22-80
40    <uses-permission android:name="com.huawei.android.launcher.permission.CHANGE_BADGE" />
40-->[com.onesignal:OneSignal:3.14.0] AndroidManifest.xml:39:5-91
40-->[com.onesignal:OneSignal:3.14.0] AndroidManifest.xml:39:22-88
41    <uses-permission android:name="com.huawei.android.launcher.permission.READ_SETTINGS" />
41-->[com.onesignal:OneSignal:3.14.0] AndroidManifest.xml:40:5-92
41-->[com.onesignal:OneSignal:3.14.0] AndroidManifest.xml:40:22-89
42    <uses-permission android:name="com.huawei.android.launcher.permission.WRITE_SETTINGS" /> <!-- ZUK -->
42-->[com.onesignal:OneSignal:3.14.0] AndroidManifest.xml:41:5-93
42-->[com.onesignal:OneSignal:3.14.0] AndroidManifest.xml:41:22-90
43    <uses-permission android:name="android.permission.READ_APP_BADGE" /> <!-- OPPO -->
43-->[com.onesignal:OneSignal:3.14.0] AndroidManifest.xml:42:5-73
43-->[com.onesignal:OneSignal:3.14.0] AndroidManifest.xml:42:22-70
44    <uses-permission android:name="com.oppo.launcher.permission.READ_SETTINGS" />
44-->[com.onesignal:OneSignal:3.14.0] AndroidManifest.xml:43:5-82
44-->[com.onesignal:OneSignal:3.14.0] AndroidManifest.xml:43:22-79
45    <uses-permission android:name="com.oppo.launcher.permission.WRITE_SETTINGS" /> <!-- EvMe -->
45-->[com.onesignal:OneSignal:3.14.0] AndroidManifest.xml:44:5-83
45-->[com.onesignal:OneSignal:3.14.0] AndroidManifest.xml:44:22-80
46    <uses-permission android:name="me.everything.badger.permission.BADGE_COUNT_READ" />
46-->[com.onesignal:OneSignal:3.14.0] AndroidManifest.xml:45:5-88
46-->[com.onesignal:OneSignal:3.14.0] AndroidManifest.xml:45:22-85
47    <uses-permission android:name="me.everything.badger.permission.BADGE_COUNT_WRITE" />
47-->[com.onesignal:OneSignal:3.14.0] AndroidManifest.xml:46:5-89
47-->[com.onesignal:OneSignal:3.14.0] AndroidManifest.xml:46:22-86
48    <uses-permission android:name="com.google.android.finsky.permission.BIND_GET_INSTALL_REFERRER_SERVICE" />
48-->[com.google.android.gms:play-services-measurement:17.4.2] AndroidManifest.xml:26:5-110
48-->[com.google.android.gms:play-services-measurement:17.4.2] AndroidManifest.xml:26:22-107
49
50    <application
50-->src\main\AndroidManifest.xml:15:5-82:19
51        android:name="com.abdev.codestervpn.MainApplication"
51-->src\main\AndroidManifest.xml:16:9-61
52        android:allowBackup="true"
52-->src\main\AndroidManifest.xml:17:9-35
53        android:appComponentFactory="androidx.core.app.CoreComponentFactory"
53-->[androidx.core:core:1.1.0] AndroidManifest.xml:24:18-86
54        android:debuggable="true"
55        android:icon="@mipmap/ic_launcher"
55-->src\main\AndroidManifest.xml:18:9-43
56        android:label="@string/app_name"
56-->src\main\AndroidManifest.xml:19:9-41
57        android:networkSecurityConfig="@xml/network_security_config"
57-->src\main\AndroidManifest.xml:21:9-69
58        android:supportsRtl="true"
58-->src\main\AndroidManifest.xml:20:9-35
59        android:testOnly="true"
60        android:theme="@style/AppTheme" >
60-->src\main\AndroidManifest.xml:22:9-40
61        <meta-data
61-->src\main\AndroidManifest.xml:25:9-27:52
62            android:name="com.google.android.gms.ads.APPLICATION_ID"
62-->src\main\AndroidManifest.xml:26:13-69
63            android:value="@string/admob_app_ID" />
63-->src\main\AndroidManifest.xml:27:13-49
64
65        <activity
65-->src\main\AndroidManifest.xml:29:9-33:20
66            android:name="com.abdev.codestervpn.activity.StepActivity"
66-->src\main\AndroidManifest.xml:30:13-71
67            android:screenOrientation="portrait"
67-->src\main\AndroidManifest.xml:31:13-49
68            android:theme="@style/Splash" >
68-->src\main\AndroidManifest.xml:32:13-42
69        </activity>
70        <activity
70-->src\main\AndroidManifest.xml:34:9-35:51
71            android:name="com.abdev.codestervpn.activity.PrivacyPolicyActivity"
71-->src\main\AndroidManifest.xml:34:19-86
72            android:screenOrientation="portrait" />
72-->src\main\AndroidManifest.xml:35:13-49
73        <activity
73-->src\main\AndroidManifest.xml:36:9-37:51
74            android:name="com.abdev.codestervpn.activity.TermsToUseActivity"
74-->src\main\AndroidManifest.xml:36:19-83
75            android:screenOrientation="portrait" />
75-->src\main\AndroidManifest.xml:37:13-49
76        <activity
76-->src\main\AndroidManifest.xml:38:9-44:20
77            android:name="com.abdev.codestervpn.activity.SplashActivity"
77-->src\main\AndroidManifest.xml:38:19-79
78            android:screenOrientation="portrait" >
78-->src\main\AndroidManifest.xml:39:13-49
79            <intent-filter>
79-->src\main\AndroidManifest.xml:40:13-43:29
80                <action android:name="android.intent.action.MAIN" />
80-->src\main\AndroidManifest.xml:41:17-69
80-->src\main\AndroidManifest.xml:41:25-66
81
82                <category android:name="android.intent.category.LAUNCHER" />
82-->src\main\AndroidManifest.xml:42:17-77
82-->src\main\AndroidManifest.xml:42:27-74
83            </intent-filter>
84        </activity>
85        <activity
85-->src\main\AndroidManifest.xml:45:9-46:51
86            android:name="com.abdev.codestervpn.activity.MainActivity"
86-->src\main\AndroidManifest.xml:45:19-77
87            android:screenOrientation="portrait" />
87-->src\main\AndroidManifest.xml:46:13-49
88        <activity
88-->src\main\AndroidManifest.xml:47:9-48:51
89            android:name="com.abdev.codestervpn.activity.PremiumActivity"
89-->src\main\AndroidManifest.xml:47:19-80
90            android:screenOrientation="portrait" />
90-->src\main\AndroidManifest.xml:48:13-49
91        <activity
91-->src\main\AndroidManifest.xml:49:9-50:51
92            android:name="com.abdev.codestervpn.activity.ChooseServerActivity"
92-->src\main\AndroidManifest.xml:49:19-85
93            android:screenOrientation="portrait" />
93-->src\main\AndroidManifest.xml:50:13-49
94
95        <service
95-->src\main\AndroidManifest.xml:52:9-59:19
96            android:name="com.abdev.codestervpn.OneSignal.MyNotificationExtenderService"
96-->src\main\AndroidManifest.xml:53:13-89
97            android:exported="false"
97-->src\main\AndroidManifest.xml:54:13-37
98            android:permission="android.permission.BIND_JOB_SERVICE" >
98-->src\main\AndroidManifest.xml:55:13-69
99            <intent-filter>
99-->src\main\AndroidManifest.xml:56:13-58:29
100                <action android:name="com.onesignal.NotificationExtender" />
100-->src\main\AndroidManifest.xml:57:17-77
100-->src\main\AndroidManifest.xml:57:25-74
101            </intent-filter>
102        </service>
103        <service
103-->src\main\AndroidManifest.xml:60:9-64:39
104            android:name="com.abdev.codestervpn.service.BackgroundJobService"
104-->src\main\AndroidManifest.xml:61:13-78
105            android:enabled="true"
105-->src\main\AndroidManifest.xml:63:13-35
106            android:exported="false"
106-->src\main\AndroidManifest.xml:64:13-37
107            android:permission="android.permission.BIND_JOB_SERVICE" />
107-->src\main\AndroidManifest.xml:62:13-69
108        <service
108-->src\main\AndroidManifest.xml:66:9-72:19
109            android:name="com.abdev.codestervpn.service.MyService"
109-->src\main\AndroidManifest.xml:66:18-72
110            android:exported="true" >
110-->src\main\AndroidManifest.xml:67:13-36
111            <intent-filter>
111-->src\main\AndroidManifest.xml:68:13-71:29
112                <action android:name="androidsrc.intent.action.PICK_PLUGIN" />
112-->src\main\AndroidManifest.xml:69:17-79
112-->src\main\AndroidManifest.xml:69:25-76
113
114                <category android:name="androidsrc.intent.category.ADD_PLUGIN" />
114-->src\main\AndroidManifest.xml:70:17-82
114-->src\main\AndroidManifest.xml:70:27-79
115            </intent-filter>
116        </service>
117
118        <receiver
118-->src\main\AndroidManifest.xml:74:9-81:20
119            android:name="com.abdev.codestervpn.service.BootCompletedReceiver"
119-->src\main\AndroidManifest.xml:74:19-85
120            android:enabled="true"
120-->src\main\AndroidManifest.xml:75:13-35
121            android:exported="true" >
121-->src\main\AndroidManifest.xml:76:13-36
122            <intent-filter>
122-->src\main\AndroidManifest.xml:77:13-80:29
123                <action android:name="android.intent.action.BOOT_COMPLETED" />
123-->src\main\AndroidManifest.xml:78:17-78
123-->src\main\AndroidManifest.xml:78:25-76
124                <action android:name="android.intent.action.QUICKBOOT_POWERON" />
124-->src\main\AndroidManifest.xml:79:17-81
124-->src\main\AndroidManifest.xml:79:25-79
125            </intent-filter>
126        </receiver>
127
128        <meta-data
128-->[com.github.AnchorFreePartner.hydra-sdk-android:sdk:3.1.1] AndroidManifest.xml:12:9-14:63
129            android:name="com.anchorfree.sdk.transports"
129-->[com.github.AnchorFreePartner.hydra-sdk-android:sdk:3.1.1] AndroidManifest.xml:13:13-57
130            android:resource="@raw/hydra_transports_config" />
130-->[com.github.AnchorFreePartner.hydra-sdk-android:sdk:3.1.1] AndroidManifest.xml:14:13-60
131        <meta-data
131-->[com.github.AnchorFreePartner.hydra-sdk-android:openvpn:3.1.1] AndroidManifest.xml:12:9-14:58
132            android:name="com.anchorfree.vpnsdk.vpn_config.openvpn"
132-->[com.github.AnchorFreePartner.hydra-sdk-android:openvpn:3.1.1] AndroidManifest.xml:13:13-68
133            android:resource="@raw/openvpn_vpn_config" />
133-->[com.github.AnchorFreePartner.hydra-sdk-android:openvpn:3.1.1] AndroidManifest.xml:14:13-55
134        <meta-data
134-->[com.github.AnchorFreePartner.hydra-sdk-android:hydra:3.1.1] AndroidManifest.xml:12:9-14:56
135            android:name="com.anchorfree.vpnsdk.vpn_config.hydra"
135-->[com.github.AnchorFreePartner.hydra-sdk-android:hydra:3.1.1] AndroidManifest.xml:13:13-66
136            android:resource="@raw/hydra_vpn_config" />
136-->[com.github.AnchorFreePartner.hydra-sdk-android:hydra:3.1.1] AndroidManifest.xml:14:13-53
137
138        <provider
138-->[com.github.AnchorFreePartner.hydra-sdk-android:hydra:3.1.1] AndroidManifest.xml:16:9-20:37
139            android:name="com.anchorfree.sdk.HydraTransportInitProvider"
139-->[com.github.AnchorFreePartner.hydra-sdk-android:hydra:3.1.1] AndroidManifest.xml:17:13-73
140            android:authorities="com.abdev.codestervpn.sdk.transport.hydra"
140-->[com.github.AnchorFreePartner.hydra-sdk-android:hydra:3.1.1] AndroidManifest.xml:18:13-71
141            android:exported="false"
141-->[com.github.AnchorFreePartner.hydra-sdk-android:hydra:3.1.1] AndroidManifest.xml:19:13-37
142            android:initOrder="1" />
142-->[com.github.AnchorFreePartner.hydra-sdk-android:hydra:3.1.1] AndroidManifest.xml:20:13-34
143        <provider
143-->[com.github.AnchorFreePartner.hydra-sdk-android:sdk-core:3.1.1] AndroidManifest.xml:17:9-21:37
144            android:name="com.anchorfree.sdk.DBProvider"
144-->[com.github.AnchorFreePartner.hydra-sdk-android:sdk-core:3.1.1] AndroidManifest.xml:18:13-57
145            android:authorities="com.abdev.codestervpn.hydra.sdk.db.provider"
145-->[com.github.AnchorFreePartner.hydra-sdk-android:sdk-core:3.1.1] AndroidManifest.xml:19:13-73
146            android:exported="false"
146-->[com.github.AnchorFreePartner.hydra-sdk-android:sdk-core:3.1.1] AndroidManifest.xml:20:13-37
147            android:initOrder="1" />
147-->[com.github.AnchorFreePartner.hydra-sdk-android:sdk-core:3.1.1] AndroidManifest.xml:21:13-34
148
149        <meta-data
149-->[com.github.AnchorFreePartner.hydra-sdk-android:sdk-core:3.1.1] AndroidManifest.xml:23:9-25:55
150            android:name="com.anchorfree.vpnsdk.vpn_config"
150-->[com.github.AnchorFreePartner.hydra-sdk-android:sdk-core:3.1.1] AndroidManifest.xml:24:13-60
151            android:resource="@raw/core_vpn_config" />
151-->[com.github.AnchorFreePartner.hydra-sdk-android:sdk-core:3.1.1] AndroidManifest.xml:25:13-52
152
153        <provider
153-->[com.github.AnchorFreePartner.hydra-sdk-android:sdk-core:3.1.1] AndroidManifest.xml:27:9-31:39
154            android:name="com.anchorfree.sdk.UnifiedSDKInitProviderMain"
154-->[com.github.AnchorFreePartner.hydra-sdk-android:sdk-core:3.1.1] AndroidManifest.xml:28:13-73
155            android:authorities="com.abdev.codestervpn.anchorfree.sdk.init.provider"
155-->[com.github.AnchorFreePartner.hydra-sdk-android:sdk-core:3.1.1] AndroidManifest.xml:29:13-80
156            android:exported="false"
156-->[com.github.AnchorFreePartner.hydra-sdk-android:sdk-core:3.1.1] AndroidManifest.xml:30:13-37
157            android:initOrder="100" />
157-->[com.github.AnchorFreePartner.hydra-sdk-android:sdk-core:3.1.1] AndroidManifest.xml:31:13-36
158        <provider
158-->[com.github.AnchorFreePartner.hydra-sdk-android:sdk-core:3.1.1] AndroidManifest.xml:32:9-37:58
159            android:name="com.anchorfree.sdk.UnifiedSDKInitProviderVpn"
159-->[com.github.AnchorFreePartner.hydra-sdk-android:sdk-core:3.1.1] AndroidManifest.xml:33:13-72
160            android:authorities="com.abdev.codestervpn.anchorfree.sdk.init.provider.vpn"
160-->[com.github.AnchorFreePartner.hydra-sdk-android:sdk-core:3.1.1] AndroidManifest.xml:34:13-84
161            android:exported="false"
161-->[com.github.AnchorFreePartner.hydra-sdk-android:sdk-core:3.1.1] AndroidManifest.xml:35:13-37
162            android:initOrder="100"
162-->[com.github.AnchorFreePartner.hydra-sdk-android:sdk-core:3.1.1] AndroidManifest.xml:36:13-36
163            android:process="@string/vpn_process_name" />
163-->[com.github.AnchorFreePartner.hydra-sdk-android:sdk-core:3.1.1] AndroidManifest.xml:37:13-55
164
165        <service
165-->[com.github.AnchorFree.hydra-vpn-android:hydratransport:0.17.12] AndroidManifest.xml:12:9-15:19
166            android:name="com.anchorfree.vpnsdk.transporthydra.proxyservice.HydraProxyService"
166-->[com.github.AnchorFree.hydra-vpn-android:hydratransport:0.17.12] AndroidManifest.xml:13:13-95
167            android:permission="android.permission.BIND_VPN_SERVICE" >
167-->[com.github.AnchorFree.hydra-vpn-android:hydratransport:0.17.12] AndroidManifest.xml:14:13-69
168        </service>
169
170        <activity
170-->[com.github.AnchorFree.hydra-vpn-android:corevpn:0.17.12] AndroidManifest.xml:16:9-21:75
171            android:name="com.anchorfree.vpnsdk.vpnservice.StartVPNServiceShadowActivity"
171-->[com.github.AnchorFree.hydra-vpn-android:corevpn:0.17.12] AndroidManifest.xml:17:13-90
172            android:label="@string/app_name"
172-->[com.github.AnchorFree.hydra-vpn-android:corevpn:0.17.12] AndroidManifest.xml:18:13-45
173            android:launchMode="singleTask"
173-->[com.github.AnchorFree.hydra-vpn-android:corevpn:0.17.12] AndroidManifest.xml:19:13-44
174            android:process="@string/vpn_process_name"
174-->[com.github.AnchorFree.hydra-vpn-android:corevpn:0.17.12] AndroidManifest.xml:20:13-55
175            android:theme="@android:style/Theme.Translucent.NoTitleBar" />
175-->[com.github.AnchorFree.hydra-vpn-android:corevpn:0.17.12] AndroidManifest.xml:21:13-72
176
177        <provider
177-->[com.github.AnchorFree.hydra-vpn-android:corevpn:0.17.12] AndroidManifest.xml:23:9-26:40
178            android:name="com.anchorfree.vpnsdk.vpnservice.config.VpnConfigProvider"
178-->[com.github.AnchorFree.hydra-vpn-android:corevpn:0.17.12] AndroidManifest.xml:24:13-85
179            android:authorities="com.abdev.codestervpn.vpn_config"
179-->[com.github.AnchorFree.hydra-vpn-android:corevpn:0.17.12] AndroidManifest.xml:25:13-62
180            android:exported="false" />
180-->[com.github.AnchorFree.hydra-vpn-android:corevpn:0.17.12] AndroidManifest.xml:26:13-37
181        <provider
181-->[com.github.AnchorFree.hydra-vpn-android:corevpn:0.17.12] AndroidManifest.xml:27:9-30:40
182            android:name="com.anchorfree.vpnsdk.vpnservice.credentials.CredentialsContentProvider"
182-->[com.github.AnchorFree.hydra-vpn-android:corevpn:0.17.12] AndroidManifest.xml:28:13-99
183            android:authorities="com.abdev.codestervpn.credentials"
183-->[com.github.AnchorFree.hydra-vpn-android:corevpn:0.17.12] AndroidManifest.xml:29:13-63
184            android:exported="false" />
184-->[com.github.AnchorFree.hydra-vpn-android:corevpn:0.17.12] AndroidManifest.xml:30:13-37
185
186        <service
186-->[com.github.AnchorFree.hydra-vpn-android:corevpn:0.17.12] AndroidManifest.xml:32:9-39:19
187            android:name="com.anchorfree.vpnsdk.vpnservice.AFVpnService"
187-->[com.github.AnchorFree.hydra-vpn-android:corevpn:0.17.12] AndroidManifest.xml:33:13-73
188            android:permission="android.permission.BIND_VPN_SERVICE"
188-->[com.github.AnchorFree.hydra-vpn-android:corevpn:0.17.12] AndroidManifest.xml:34:13-69
189            android:process="@string/vpn_process_name" >
189-->[com.github.AnchorFree.hydra-vpn-android:corevpn:0.17.12] AndroidManifest.xml:35:13-55
190            <intent-filter>
190-->[com.github.AnchorFree.hydra-vpn-android:corevpn:0.17.12] AndroidManifest.xml:36:13-38:29
191                <action android:name="android.net.VpnService" />
191-->[com.github.AnchorFree.hydra-vpn-android:corevpn:0.17.12] AndroidManifest.xml:37:17-65
191-->[com.github.AnchorFree.hydra-vpn-android:corevpn:0.17.12] AndroidManifest.xml:37:25-62
192            </intent-filter>
193        </service>
194        <service
194-->[com.github.AnchorFree.hydra-vpn-android:corevpn:0.17.12] AndroidManifest.xml:40:9-43:58
195            android:name="com.anchorfree.vpnsdk.KeepAliveService"
195-->[com.github.AnchorFree.hydra-vpn-android:corevpn:0.17.12] AndroidManifest.xml:41:13-66
196            android:exported="false"
196-->[com.github.AnchorFree.hydra-vpn-android:corevpn:0.17.12] AndroidManifest.xml:42:13-37
197            android:process="@string/vpn_process_name" />
197-->[com.github.AnchorFree.hydra-vpn-android:corevpn:0.17.12] AndroidManifest.xml:43:13-55
198
199        <provider
199-->[com.github.AnchorFreePartner:ucr-analytics-android:3.1.4] AndroidManifest.xml:15:9-21:20
200            android:name="com.anchorfree.ucr.UCRContentProvider"
200-->[com.github.AnchorFreePartner:ucr-analytics-android:3.1.4] AndroidManifest.xml:16:13-65
201            android:authorities="com.abdev.codestervpn.ucr.provider"
201-->[com.github.AnchorFreePartner:ucr-analytics-android:3.1.4] AndroidManifest.xml:17:13-64
202            android:enabled="true"
202-->[com.github.AnchorFreePartner:ucr-analytics-android:3.1.4] AndroidManifest.xml:18:13-35
203            android:exported="false"
203-->[com.github.AnchorFreePartner:ucr-analytics-android:3.1.4] AndroidManifest.xml:19:13-37
204            android:multiprocess="false" >
204-->[com.github.AnchorFreePartner:ucr-analytics-android:3.1.4] AndroidManifest.xml:20:13-41
205        </provider>
206
207        <service
207-->[com.github.AnchorFreePartner:ucr-analytics-android:3.1.4] AndroidManifest.xml:23:9-27:19
208            android:name="com.anchorfree.ucr.UCRService"
208-->[com.github.AnchorFreePartner:ucr-analytics-android:3.1.4] AndroidManifest.xml:24:13-57
209            android:enabled="true"
209-->[com.github.AnchorFreePartner:ucr-analytics-android:3.1.4] AndroidManifest.xml:25:13-35
210            android:exported="false" >
210-->[com.github.AnchorFreePartner:ucr-analytics-android:3.1.4] AndroidManifest.xml:26:13-37
211        </service>
212
213        <activity
213-->[com.facebook.android:audience-network-sdk:5.9.0] AndroidManifest.xml:15:9-19:75
214            android:name="com.facebook.ads.AudienceNetworkActivity"
214-->[com.facebook.android:audience-network-sdk:5.9.0] AndroidManifest.xml:16:13-68
215            android:configChanges="keyboardHidden|orientation|screenSize"
215-->[com.facebook.android:audience-network-sdk:5.9.0] AndroidManifest.xml:17:13-74
216            android:exported="false"
216-->[com.facebook.android:audience-network-sdk:5.9.0] AndroidManifest.xml:18:13-37
217            android:theme="@android:style/Theme.Translucent.NoTitleBar" />
217-->[com.facebook.android:audience-network-sdk:5.9.0] AndroidManifest.xml:19:13-72
218
219        <provider
219-->[com.facebook.android:audience-network-sdk:5.9.0] AndroidManifest.xml:21:9-24:40
220            android:name="com.facebook.ads.AudienceNetworkContentProvider"
220-->[com.facebook.android:audience-network-sdk:5.9.0] AndroidManifest.xml:22:13-75
221            android:authorities="com.abdev.codestervpn.AudienceNetworkContentProvider"
221-->[com.facebook.android:audience-network-sdk:5.9.0] AndroidManifest.xml:23:13-82
222            android:exported="false" />
222-->[com.facebook.android:audience-network-sdk:5.9.0] AndroidManifest.xml:24:13-37
223
224        <meta-data
224-->[com.onesignal:OneSignal:3.14.0] AndroidManifest.xml:49:9-51:51
225            android:name="onesignal_app_id"
225-->[com.onesignal:OneSignal:3.14.0] AndroidManifest.xml:50:13-44
226            android:value="7e0b7ca5-8c37-4239-ae71-dc22205090f2" /> <!-- Deprecated - Pulled from OneSignal dashboard. -->
226-->[com.onesignal:OneSignal:3.14.0] AndroidManifest.xml:51:13-48
227        <meta-data
227-->[com.onesignal:OneSignal:3.14.0] AndroidManifest.xml:53:9-55:70
228            android:name="onesignal_google_project_number"
228-->[com.onesignal:OneSignal:3.14.0] AndroidManifest.xml:54:13-59
229            android:value="str:REMOTE" />
229-->[com.onesignal:OneSignal:3.14.0] AndroidManifest.xml:55:13-67
230
231        <receiver
231-->[com.onesignal:OneSignal:3.14.0] AndroidManifest.xml:57:9-67:20
232            android:name="com.onesignal.GcmBroadcastReceiver"
232-->[com.onesignal:OneSignal:3.14.0] AndroidManifest.xml:58:13-62
233            android:permission="com.google.android.c2dm.permission.SEND" >
233-->[com.onesignal:OneSignal:3.14.0] AndroidManifest.xml:59:13-73
234
235            <!-- High priority so OneSignal payloads can be filtered from other GCM receivers if filterOtherGCMReceivers is enabled. -->
236            <intent-filter android:priority="999" >
236-->[com.onesignal:OneSignal:3.14.0] AndroidManifest.xml:62:13-66:29
236-->[com.onesignal:OneSignal:3.14.0] AndroidManifest.xml:62:28-50
237                <action android:name="com.google.android.c2dm.intent.RECEIVE" />
237-->[com.onesignal:OneSignal:3.14.0] AndroidManifest.xml:63:17-81
237-->[com.onesignal:OneSignal:3.14.0] AndroidManifest.xml:63:25-78
238
239                <category android:name="com.abdev.codestervpn" />
239-->[com.onesignal:OneSignal:3.14.0] AndroidManifest.xml:65:17-61
239-->[com.onesignal:OneSignal:3.14.0] AndroidManifest.xml:65:27-58
240            </intent-filter>
241        </receiver>
242        <receiver android:name="com.onesignal.NotificationOpenedReceiver" />
242-->[com.onesignal:OneSignal:3.14.0] AndroidManifest.xml:68:9-77
242-->[com.onesignal:OneSignal:3.14.0] AndroidManifest.xml:68:19-74
243
244        <service android:name="com.onesignal.GcmIntentService" />
244-->[com.onesignal:OneSignal:3.14.0] AndroidManifest.xml:70:9-66
244-->[com.onesignal:OneSignal:3.14.0] AndroidManifest.xml:70:18-63
245        <service
245-->[com.onesignal:OneSignal:3.14.0] AndroidManifest.xml:71:9-73:72
246            android:name="com.onesignal.GcmIntentJobService"
246-->[com.onesignal:OneSignal:3.14.0] AndroidManifest.xml:72:13-61
247            android:permission="android.permission.BIND_JOB_SERVICE" />
247-->[com.onesignal:OneSignal:3.14.0] AndroidManifest.xml:73:13-69
248        <service
248-->[com.onesignal:OneSignal:3.14.0] AndroidManifest.xml:74:9-76:72
249            android:name="com.onesignal.RestoreJobService"
249-->[com.onesignal:OneSignal:3.14.0] AndroidManifest.xml:75:13-59
250            android:permission="android.permission.BIND_JOB_SERVICE" />
250-->[com.onesignal:OneSignal:3.14.0] AndroidManifest.xml:76:13-69
251        <service
251-->[com.onesignal:OneSignal:3.14.0] AndroidManifest.xml:77:9-79:72
252            android:name="com.onesignal.RestoreKickoffJobService"
252-->[com.onesignal:OneSignal:3.14.0] AndroidManifest.xml:78:13-66
253            android:permission="android.permission.BIND_JOB_SERVICE" />
253-->[com.onesignal:OneSignal:3.14.0] AndroidManifest.xml:79:13-69
254        <service
254-->[com.onesignal:OneSignal:3.14.0] AndroidManifest.xml:80:9-82:43
255            android:name="com.onesignal.SyncService"
255-->[com.onesignal:OneSignal:3.14.0] AndroidManifest.xml:81:13-53
256            android:stopWithTask="true" />
256-->[com.onesignal:OneSignal:3.14.0] AndroidManifest.xml:82:13-40
257        <service
257-->[com.onesignal:OneSignal:3.14.0] AndroidManifest.xml:83:9-85:72
258            android:name="com.onesignal.SyncJobService"
258-->[com.onesignal:OneSignal:3.14.0] AndroidManifest.xml:84:13-56
259            android:permission="android.permission.BIND_JOB_SERVICE" />
259-->[com.onesignal:OneSignal:3.14.0] AndroidManifest.xml:85:13-69
260
261        <activity
261-->[com.onesignal:OneSignal:3.14.0] AndroidManifest.xml:87:9-89:75